2024-03-24 22:42:59,661 INFO o.h.v.i.u.Version [background-preinit] HV000001: Hibernate Validator 8.0.0.Final
2024-03-24 22:42:59,699 INFO o.s.b.StartupInfoLogger [main] Starting PresentationApplication using Java 17.0.9 with PID 22280 (D:\CS\IDEA_javacode\a20-nft-3_7\presentation\target\classes started by NaGaYa in D:\CS\IDEA_javacode\a20-nft-3_7)
2024-03-24 22:42:59,702 DEBUG o.s.b.StartupInfoLogger [main] Running with Spring Boot v3.0.2, Spring v6.0.4
2024-03-24 22:42:59,704 INFO o.s.b.SpringApplication [main] No active profile set, falling back to 1 default profile: "default"
2024-03-24 22:43:00,502 INFO o.s.d.r.c.RepositoryConfigurationDelegate [main] Multiple Spring Data modules found, entering strict repository configuration mode
2024-03-24 22:43:00,505 INFO o.s.d.r.c.RepositoryConfigurationDelegate [main] Bootstrapping Spring Data Redis repositories in DEFAULT mode.
2024-03-24 22:43:00,528 INFO o.s.d.r.c.RepositoryConfigurationDelegate [main] Finished Spring Data repository scanning in 11 ms. Found 0 Redis repository interfaces.
2024-03-24 22:43:01,065 INFO o.s.b.w.e.t.TomcatWebServer [main] Tomcat initialized with port(s): 8080 (http)
2024-03-24 22:43:01,073 INFO o.a.j.l.DirectJDKLog [main] Initializing ProtocolHandler ["http-nio-8080"]
2024-03-24 22:43:01,073 INFO o.a.j.l.DirectJDKLog [main] Starting service [Tomcat]
2024-03-24 22:43:01,074 INFO o.a.j.l.DirectJDKLog [main] Starting Servlet engine: [Apache Tomcat/10.1.5]
2024-03-24 22:43:01,144 INFO o.a.j.l.DirectJDKLog [main] Initializing Spring embedded WebApplicationContext
2024-03-24 22:43:01,144 INFO o.s.b.w.s.c.ServletWebServerApplicationContext [main] Root WebApplicationContext: initialization completed in 1382 ms
2024-03-24 22:43:02,460 INFO c.f.g.Init [main] Graceful Response:已启动
2024-03-24 22:43:02,568 INFO o.s.b.a.w.s.WelcomePageHandlerMapping [main] Adding welcome page: class path resource [static/index.html]
2024-03-24 22:43:03,145 INFO o.a.j.l.DirectJDKLog [main] Starting ProtocolHandler ["http-nio-8080"]
2024-03-24 22:43:03,167 INFO o.s.b.w.e.t.TomcatWebServer [main] Tomcat started on port(s): 8080 (http) with context path ''
2024-03-24 22:43:03,177 INFO o.s.b.StartupInfoLogger [main] Started PresentationApplication in 3.974 seconds (process running for 4.914)
2024-03-24 22:43:03,181 INFO o.s.p.PresentationApplication [main] [Knife4j文档地址]: http://localhost:8080/doc.html
2024-03-24 22:43:09,544 INFO o.a.j.l.DirectJDKLog [http-nio-8080-exec-1] Initializing Spring DispatcherServlet 'dispatcherServlet'
2024-03-24 22:43:09,544 INFO o.s.w.s.FrameworkServlet [http-nio-8080-exec-1] Initializing Servlet 'dispatcherServlet'
2024-03-24 22:43:09,545 INFO o.s.w.s.FrameworkServlet [http-nio-8080-exec-1] Completed initialization in 1 ms
2024-03-24 22:43:09,976 INFO o.s.p.c.SaTokenConfigure [http-nio-8080-exec-1] [1]:管理员访问
